<?xml version="1.0" encoding="UTF-8"?>
<!-- Generated by org.testng.reporters.JUnitXMLReporter -->
<testsuite ignored="0" hostname="DESKTOP-5KTOU1E" failures="0" tests="5" name="Test" time="0.094" errors="0" timestamp="2024-06-10T17:00:05 IST">
  <testcase classname="GenericUtility.Base_Class" name="@BeforeMethod BM" time="-1.718019005081E9">
    <failure type="org.testng.TestNGException" message="
Parameter &amp;apos;BROWSER&amp;apos; is required by BeforeMethod on method BM but has not been marked @Optional or defined
in C:\Users\Dell\eclipse-workspace\November2023\testngBatch.xml">
      <![CDATA[org.testng.TestNGException: 
Parameter 'BROWSER' is required by BeforeMethod on method BM but has not been marked @Optional or defined
in C:\Users\Dell\eclipse-workspace\November2023\testngBatch.xml
at java.base/java.util.ArrayList.forEach(ArrayList.java:1511)
... Removed 28 stack frames]]>
    </failure>
  </testcase> <!-- @BeforeMethod BM -->
  <testcase classname="FirstPackage.AttributesInTestNG" name="herName" time="0.008"/>
  <testcase classname="FirstPackage.AttributesInTestNG" name="myName" time="0.001"/>
  <testcase classname="FirstPackage.AttributesInTestNG" name="yourName" time="0.001"/>
  <testcase classname="FirstPackage.WebDriversMethods" name="methods" time="0.0">
    <skipped/>
  </testcase> <!-- methods -->
  <testcase classname="FirstPackage.TestNG" name="test" time="0.002"/>
</testsuite> <!-- Test -->
